<?xml version="1.0" encoding="UTF-8"?>
<testsuite name="BookTest" tests="3" skipped="0" failures="0" errors="0" timestamp="2017-03-05T21:52:38" hostname="vagrant-ubuntu-trusty-64" time="0.004">
  <properties/>
  <testcase name="testEmpty" classname="BookTest" time="0.001"/>
  <testcase name="testBook" classname="BookTest" time="0.001"/>
  <testcase name="testToString" classname="BookTest" time="0.0"/>
  <system-out><![CDATA[]]></system-out>
  <system-err><![CDATA[]]></system-err>
</testsuite>
