<?xml version="1.0" encoding="UTF-8"?>
<testsuite name="CatalogTest" tests="2" skipped="0" failures="0" errors="0" timestamp="2017-03-05T21:52:38" hostname="vagrant-ubuntu-trusty-64" time="0.002">
  <properties/>
  <testcase name="testGetBooks" classname="CatalogTest" time="0.0"/>
  <testcase name="testDeleteBook" classname="CatalogTest" time="0.001"/>
  <system-out><![CDATA[]]></system-out>
  <system-err><![CDATA[]]></system-err>
</testsuite>
